<?xml version="1.0" encoding="UTF-8"?>
<!-- Generated by org.testng.reporters.JUnitXMLReporter -->
<testsuite ignored="0" hostname="LAPTOP-6UFE13C0" failures="0" tests="2" name="Cucumber Tests" time="103.72" errors="0" timestamp="2024-08-19T18:15:18 IST">
  <testcase classname="io.cucumber.testng.AbstractTestNGCucumberTests" name="runScenario" time="16.934"/>
  <testcase classname="io.cucumber.testng.AbstractTestNGCucumberTests" name="runScenario" time="52.77"/>
</testsuite> <!-- Cucumber Tests -->
