<?xml version="1.0" encoding="UTF-8"?>
<testng-results ignored="0" total="2" passed="2" failed="0" skipped="0">
  <reporter-output>
  </reporter-output>
  <suite started-at="2024-08-19T18:13:34 IST" name="Cucumber Parallel Suite" finished-at="2024-08-19T18:15:18 IST" duration-ms="103720">
    <groups>
      <group name="cucumber">
        <method signature="AbstractTestNGCucumberTests.runScenario(io.cucumber.testng.PickleWrapper,io.cucumber.testng.FeatureWrapper)[pri:0, instance:runner.TestRunner@1d296da]" name="runScenario" class="io.cucumber.testng.AbstractTestNGCucumberTests"/>
      </group> <!-- cucumber -->
    </groups>
    <test started-at="2024-08-19T18:13:34 IST" name="Cucumber Tests" finished-at="2024-08-19T18:15:18 IST" duration-ms="103720">
      <class name="runner.TestRunner">
        <test-method is-config="true" signature="setUpClass(org.testng.ITestContext)[pri:0, instance:runner.TestRunner@1d296da]" started-at="2024-08-19T18:13:35 IST" name="setUpClass" finished-at="2024-08-19T18:13:35 IST" duration-ms="691" status="PASS">
          <params>
            <param index="0">
              <value>
                <![CDATA[org.testng.TestRunner@76ed1b7c]]>
              </value>
            </param>
          </params>
          <reporter-output>
          </reporter-output>
        </test-method> <!-- setUpClass -->
        <test-method signature="runScenario(io.cucumber.testng.PickleWrapper,io.cucumber.testng.FeatureWrapper)[pri:0, instance:runner.TestRunner@1d296da]" started-at="2024-08-19T18:13:35 IST" name="runScenario" description="Runs Cucumber Scenarios" data-provider="scenarios" finished-at="2024-08-19T18:13:52 IST" duration-ms="16934" status="PASS">
          <params>
            <param index="0">
              <value>
                <![CDATA["Successful Validation of Design Page"]]>
              </value>
            </param>
            <param index="1">
              <value>
                <![CDATA["VerKo Design Validations"]]>
              </value>
            </param>
          </params>
          <reporter-output>
          </reporter-output>
        </test-method> <!-- runScenario -->
        <test-method signature="runScenario(io.cucumber.testng.PickleWrapper,io.cucumber.testng.FeatureWrapper)[pri:0, instance:runner.TestRunner@1d296da]" started-at="2024-08-19T18:13:52 IST" name="runScenario" description="Runs Cucumber Scenarios" data-provider="scenarios" finished-at="2024-08-19T18:14:45 IST" duration-ms="52770" status="PASS">
          <params>
            <param index="0">
              <value>
                <![CDATA["Successful Validation of Professional Page"]]>
              </value>
            </param>
            <param index="1">
              <value>
                <![CDATA["VerKo Professional Validations"]]>
              </value>
            </param>
          </params>
          <reporter-output>
          </reporter-output>
        </test-method> <!-- runScenario -->
        <test-method is-config="true" signature="tearDownClass()[pri:0, instance:runner.TestRunner@1d296da]" started-at="2024-08-19T18:14:45 IST" name="tearDownClass" finished-at="2024-08-19T18:15:18 IST" duration-ms="33291" status="PASS">
          <reporter-output>
          </reporter-output>
        </test-method> <!-- tearDownClass -->
      </class> <!-- runner.TestRunner -->
    </test> <!-- Cucumber Tests -->
  </suite> <!-- Cucumber Parallel Suite -->
</testng-results>
